<?xml version="1.0" encoding="UTF-8"?>
<!-- Generated by org.testng.reporters.JUnitReportReporter -->
<testsuite hostname="HP" failures="0" tests="2" name="reports.NewTest2" time="10.272" errors="0" timestamp="2021-02-10T14:14:18 IST" skipped="0">
  <testcase classname="reports.NewTest2" name="login" time="6.247"/>
  <system-out/>
  <testcase classname="reports.NewTest2" name="openUrl" time="4.025"/>
  <system-out/>
</testsuite> <!-- reports.NewTest2 -->
