<?xml version="1.0" encoding="UTF-8"?>
<!-- Generated by org.testng.reporters.JUnitReportReporter -->
<testsuite hostname="HP" failures="0" tests="7" name="testCases.LoginPageTestCases" time="69.180" errors="0" timestamp="2021-02-15T18:10:17 IST" skipped="0">
  <testcase classname="testCases.LoginPageTestCases" name="LoginPageTitleTest" time="7.192"/>
  <system-out/>
  <testcase classname="testCases.LoginPageTestCases" name="logoimageTest" time="7.831"/>
  <system-out/>
  <testcase classname="testCases.LoginPageTestCases" name="passwordLabelTest" time="9.952"/>
  <system-out/>
  <testcase classname="testCases.LoginPageTestCases" name="usernamelabelTest" time="6.268"/>
  <system-out/>
  <testcase classname="testCases.LoginPageTestCases" name="loginTest" time="10.494"/>
  <system-out/>
  <testcase classname="testCases.LoginPageTestCases" name="forgotpasswordTest" time="10.012"/>
  <system-out/>
  <testcase classname="testCases.LoginPageTestCases" name="newuserresistrationTest" time="17.431"/>
  <system-out/>
</testsuite> <!-- testCases.LoginPageTestCases -->
