<?xml version="1.0" encoding="UTF-8"?>
<!-- Generated by org.testng.reporters.JUnitReportReporter -->
<testsuite hostname="HP" failures="0" tests="1" name="reports.Extentreport1" time="4.338" errors="0" timestamp="2021-02-10T12:36:48 IST" skipped="0">
  <testcase classname="reports.Extentreport1" name="Test1" time="4.338"/>
  <system-out/>
</testsuite> <!-- reports.Extentreport1 -->
