<?xml version="1.0" encoding="UTF-8"?>
<!-- Generated by org.testng.reporters.JUnitReportReporter -->
<testsuite hostname="HP" failures="0" tests="2" name="reports.NewTest" time="11.128" errors="0" timestamp="2021-02-11T17:22:27 IST" skipped="0">
  <testcase classname="reports.NewTest" name="openUrl" time="4.663"/>
  <system-out/>
  <testcase classname="reports.NewTest" name="login" time="6.465"/>
  <system-out/>
</testsuite> <!-- reports.NewTest -->
