<?xml version="1.0" encoding="UTF-8"?>
<!-- Generated by org.testng.reporters.JUnitReportReporter -->
<testsuite hostname="HP" failures="0" tests="1" name="com.adact.util.ExelUtils" time="0.750" errors="0" timestamp="2020-12-08T18:21:14 IST" skipped="0">
  <testcase classname="com.adact.util.ExelUtils" name="getRowCount" time="0.750"/>
  <system-out/>
</testsuite> <!-- com.adact.util.ExelUtils -->
